<?xml version="1.0" encoding="UTF-8"?>
<testsuite xmlns:xsi="http://www.w3.org/2001/XMLSchema-instance" xsi:noNamespaceSchemaLocation="https://maven.apache.org/surefire/maven-surefire-plugin/xsd/surefire-test-report.xsd" name="com.example.springbootdocker.DemoSpringbootApplicationTests" time="3.677" tests="1" errors="0" skipped="0" failures="0">
  <properties>
    <property name="java.specification.version" value="18"/>
    <property name="sun.jnu.encoding" value="UTF-8"/>
    <property name="java.class.path" value="/Users/johangiraldohurtado/Desktop/spring-docker-demo/target/test-classes:/Users/johangiraldohurtado/Desktop/spring-docker-demo/target/classes:/Users/johangiraldohurtado/.m2/repository/org/springframework/boot/spring-boot-starter-web/2.5.13/spring-boot-starter-web-2.5.13.jar:/Users/johangiraldohurtado/.m2/repository/org/springframework/boot/spring-boot-starter/2.5.13/spring-boot-starter-2.5.13.jar:/Users/johangiraldohurtado/.m2/repository/org/springframework/boot/spring-boot/2.5.13/spring-boot-2.5.13.jar:/Users/johangiraldohurtado/.m2/repository/org/springframework/boot/spring-boot-autoconfigure/2.5.13/spring-boot-autoconfigure-2.5.13.jar:/Users/johangiraldohurtado/.m2/repository/org/springframework/boot/spring-boot-starter-logging/2.5.13/spring-boot-starter-logging-2.5.13.jar:/Users/johangiraldohurtado/.m2/repository/ch/qos/logback/logback-classic/1.2.11/logback-classic-1.2.11.jar:/Users/johangiraldohurtado/.m2/repository/ch/qos/logback/logback-core/1.2.11/logback-core-1.2.11.jar:/Users/johangiraldohurtado/.m2/repository/org/apache/logging/log4j/log4j-to-slf4j/2.17.2/log4j-to-slf4j-2.17.2.jar:/Users/johangiraldohurtado/.m2/repository/org/apache/logging/log4j/log4j-api/2.17.2/log4j-api-2.17.2.jar:/Users/johangiraldohurtado/.m2/repository/org/slf4j/jul-to-slf4j/1.7.36/jul-to-slf4j-1.7.36.jar:/Users/johangiraldohurtado/.m2/repository/jakarta/annotation/jakarta.annotation-api/1.3.5/jakarta.annotation-api-1.3.5.jar:/Users/johangiraldohurtado/.m2/repository/org/yaml/snakeyaml/1.28/snakeyaml-1.28.jar:/Users/johangiraldohurtado/.m2/repository/org/springframework/boot/spring-boot-starter-json/2.5.13/spring-boot-starter-json-2.5.13.jar:/Users/johangiraldohurtado/.m2/repository/com/fasterxml/jackson/core/jackson-databind/2.12.6.1/jackson-databind-2.12.6.1.jar:/Users/johangiraldohurtado/.m2/repository/com/fasterxml/jackson/core/jackson-annotations/2.12.6/jackson-annotations-2.12.6.jar:/Users/johangiraldohurtado/.m2/repository/com/fasterxml/jackson/core/jackson-core/2.12.6/jackson-core-2.12.6.jar:/Users/johangiraldohurtado/.m2/repository/com/fasterxml/jackson/datatype/jackson-datatype-jdk8/2.12.6/jackson-datatype-jdk8-2.12.6.jar:/Users/johangiraldohurtado/.m2/repository/com/fasterxml/jackson/datatype/jackson-datatype-jsr310/2.12.6/jackson-datatype-jsr310-2.12.6.jar:/Users/johangiraldohurtado/.m2/repository/com/fasterxml/jackson/module/jackson-module-parameter-names/2.12.6/jackson-module-parameter-names-2.12.6.jar:/Users/johangiraldohurtado/.m2/repository/org/springframework/boot/spring-boot-starter-tomcat/2.5.13/spring-boot-starter-tomcat-2.5.13.jar:/Users/johangiraldohurtado/.m2/repository/org/apache/tomcat/embed/tomcat-embed-core/9.0.62/tomcat-embed-core-9.0.62.jar:/Users/johangiraldohurtado/.m2/repository/org/apache/tomcat/embed/tomcat-embed-el/9.0.62/tomcat-embed-el-9.0.62.jar:/Users/johangiraldohurtado/.m2/repository/org/apache/tomcat/embed/tomcat-embed-websocket/9.0.62/tomcat-embed-websocket-9.0.62.jar:/Users/johangiraldohurtado/.m2/repository/org/springframework/spring-web/5.3.19/spring-web-5.3.19.jar:/Users/johangiraldohurtado/.m2/repository/org/springframework/spring-beans/5.3.19/spring-beans-5.3.19.jar:/Users/johangiraldohurtado/.m2/repository/org/springframework/spring-webmvc/5.3.19/spring-webmvc-5.3.19.jar:/Users/johangiraldohurtado/.m2/repository/org/springframework/spring-aop/5.3.19/spring-aop-5.3.19.jar:/Users/johangiraldohurtado/.m2/repository/org/springframework/spring-context/5.3.19/spring-context-5.3.19.jar:/Users/johangiraldohurtado/.m2/repository/org/springframework/spring-expression/5.3.19/spring-expression-5.3.19.jar:/Users/johangiraldohurtado/.m2/repository/org/springframework/boot/spring-boot-starter-test/2.5.13/spring-boot-starter-test-2.5.13.jar:/Users/johangiraldohurtado/.m2/repository/org/springframework/boot/spring-boot-test/2.5.13/spring-boot-test-2.5.13.jar:/Users/johangiraldohurtado/.m2/repository/org/springframework/boot/spring-boot-test-autoconfigure/2.5.13/spring-boot-test-autoconfigure-2.5.13.jar:/Users/johangiraldohurtado/.m2/repository/com/jayway/jsonpath/json-path/2.5.0/json-path-2.5.0.jar:/Users/johangiraldohurtado/.m2/repository/net/minidev/json-smart/2.4.8/json-smart-2.4.8.jar:/Users/johangiraldohurtado/.m2/repository/net/minidev/accessors-smart/2.4.8/accessors-smart-2.4.8.jar:/Users/johangiraldohurtado/.m2/repository/org/ow2/asm/asm/9.1/asm-9.1.jar:/Users/johangiraldohurtado/.m2/repository/org/slf4j/slf4j-api/1.7.36/slf4j-api-1.7.36.jar:/Users/johangiraldohurtado/.m2/repository/jakarta/xml/bind/jakarta.xml.bind-api/2.3.3/jakarta.xml.bind-api-2.3.3.jar:/Users/johangiraldohurtado/.m2/repository/jakarta/activation/jakarta.activation-api/1.2.2/jakarta.activation-api-1.2.2.jar:/Users/johangiraldohurtado/.m2/repository/org/assertj/assertj-core/3.19.0/assertj-core-3.19.0.jar:/Users/johangiraldohurtado/.m2/repository/org/hamcrest/hamcrest/2.2/hamcrest-2.2.jar:/Users/johangiraldohurtado/.m2/repository/org/junit/jupiter/junit-jupiter/5.7.2/junit-jupiter-5.7.2.jar:/Users/johangiraldohurtado/.m2/repository/org/junit/jupiter/junit-jupiter-api/5.7.2/junit-jupiter-api-5.7.2.jar:/Users/johangiraldohurtado/.m2/repository/org/apiguardian/apiguardian-api/1.1.0/apiguardian-api-1.1.0.jar:/Users/johangiraldohurtado/.m2/repository/org/opentest4j/opentest4j/1.2.0/opentest4j-1.2.0.jar:/Users/johangiraldohurtado/.m2/repository/org/junit/platform/junit-platform-commons/1.7.2/junit-platform-commons-1.7.2.jar:/Users/johangiraldohurtado/.m2/repository/org/junit/jupiter/junit-jupiter-params/5.7.2/junit-jupiter-params-5.7.2.jar:/Users/johangiraldohurtado/.m2/repository/org/junit/jupiter/junit-jupiter-engine/5.7.2/junit-jupiter-engine-5.7.2.jar:/Users/johangiraldohurtado/.m2/repository/org/junit/platform/junit-platform-engine/1.7.2/junit-platform-engine-1.7.2.jar:/Users/johangiraldohurtado/.m2/repository/org/mockito/mockito-core/3.9.0/mockito-core-3.9.0.jar:/Users/johangiraldohurtado/.m2/repository/net/bytebuddy/byte-buddy/1.10.22/byte-buddy-1.10.22.jar:/Users/johangiraldohurtado/.m2/repository/net/bytebuddy/byte-buddy-agent/1.10.22/byte-buddy-agent-1.10.22.jar:/Users/johangiraldohurtado/.m2/repository/org/objenesis/objenesis/3.2/objenesis-3.2.jar:/Users/johangiraldohurtado/.m2/repository/org/mockito/mockito-junit-jupiter/3.9.0/mockito-junit-jupiter-3.9.0.jar:/Users/johangiraldohurtado/.m2/repository/org/skyscreamer/jsonassert/1.5.0/jsonassert-1.5.0.jar:/Users/johangiraldohurtado/.m2/repository/com/vaadin/external/google/android-json/0.0.20131108.vaadin1/android-json-0.0.20131108.vaadin1.jar:/Users/johangiraldohurtado/.m2/repository/org/springframework/spring-core/5.3.19/spring-core-5.3.19.jar:/Users/johangiraldohurtado/.m2/repository/org/springframework/spring-jcl/5.3.19/spring-jcl-5.3.19.jar:/Users/johangiraldohurtado/.m2/repository/org/springframework/spring-test/5.3.19/spring-test-5.3.19.jar:/Users/johangiraldohurtado/.m2/repository/org/xmlunit/xmlunit-core/2.8.4/xmlunit-core-2.8.4.jar:"/>
    <property name="java.vm.vendor" value="Oracle Corporation"/>
    <property name="sun.arch.data.model" value="64"/>
    <property name="java.vendor.url" value="https://java.oracle.com/"/>
    <property name="os.name" value="Mac OS X"/>
    <property name="java.vm.specification.version" value="18"/>
    <property name="sun.java.launcher" value="SUN_STANDARD"/>
    <property name="user.country" value="CO"/>
    <property name="sun.boot.library.path" value="/Library/Java/JavaVirtualMachines/jdk-18.0.1.jdk/Contents/Home/lib"/>
    <property name="sun.java.command" value="/Users/johangiraldohurtado/Desktop/spring-docker-demo/target/surefire/surefirebooter10809729809035145501.jar /Users/johangiraldohurtado/Desktop/spring-docker-demo/target/surefire 2022-04-29T12-30-32_824-jvmRun1 surefire2365506411956268081tmp surefire_015165772260019674150tmp"/>
    <property name="http.nonProxyHosts" value="local|*.local|169.254/16|*.169.254/16"/>
    <property name="jdk.debug" value="release"/>
    <property name="surefire.test.class.path" value="/Users/johangiraldohurtado/Desktop/spring-docker-demo/target/test-classes:/Users/johangiraldohurtado/Desktop/spring-docker-demo/target/classes:/Users/johangiraldohurtado/.m2/repository/org/springframework/boot/spring-boot-starter-web/2.5.13/spring-boot-starter-web-2.5.13.jar:/Users/johangiraldohurtado/.m2/repository/org/springframework/boot/spring-boot-starter/2.5.13/spring-boot-starter-2.5.13.jar:/Users/johangiraldohurtado/.m2/repository/org/springframework/boot/spring-boot/2.5.13/spring-boot-2.5.13.jar:/Users/johangiraldohurtado/.m2/repository/org/springframework/boot/spring-boot-autoconfigure/2.5.13/spring-boot-autoconfigure-2.5.13.jar:/Users/johangiraldohurtado/.m2/repository/org/springframework/boot/spring-boot-starter-logging/2.5.13/spring-boot-starter-logging-2.5.13.jar:/Users/johangiraldohurtado/.m2/repository/ch/qos/logback/logback-classic/1.2.11/logback-classic-1.2.11.jar:/Users/johangiraldohurtado/.m2/repository/ch/qos/logback/logback-core/1.2.11/logback-core-1.2.11.jar:/Users/johangiraldohurtado/.m2/repository/org/apache/logging/log4j/log4j-to-slf4j/2.17.2/log4j-to-slf4j-2.17.2.jar:/Users/johangiraldohurtado/.m2/repository/org/apache/logging/log4j/log4j-api/2.17.2/log4j-api-2.17.2.jar:/Users/johangiraldohurtado/.m2/repository/org/slf4j/jul-to-slf4j/1.7.36/jul-to-slf4j-1.7.36.jar:/Users/johangiraldohurtado/.m2/repository/jakarta/annotation/jakarta.annotation-api/1.3.5/jakarta.annotation-api-1.3.5.jar:/Users/johangiraldohurtado/.m2/repository/org/yaml/snakeyaml/1.28/snakeyaml-1.28.jar:/Users/johangiraldohurtado/.m2/repository/org/springframework/boot/spring-boot-starter-json/2.5.13/spring-boot-starter-json-2.5.13.jar:/Users/johangiraldohurtado/.m2/repository/com/fasterxml/jackson/core/jackson-databind/2.12.6.1/jackson-databind-2.12.6.1.jar:/Users/johangiraldohurtado/.m2/repository/com/fasterxml/jackson/core/jackson-annotations/2.12.6/jackson-annotations-2.12.6.jar:/Users/johangiraldohurtado/.m2/repository/com/fasterxml/jackson/core/jackson-core/2.12.6/jackson-core-2.12.6.jar:/Users/johangiraldohurtado/.m2/repository/com/fasterxml/jackson/datatype/jackson-datatype-jdk8/2.12.6/jackson-datatype-jdk8-2.12.6.jar:/Users/johangiraldohurtado/.m2/repository/com/fasterxml/jackson/datatype/jackson-datatype-jsr310/2.12.6/jackson-datatype-jsr310-2.12.6.jar:/Users/johangiraldohurtado/.m2/repository/com/fasterxml/jackson/module/jackson-module-parameter-names/2.12.6/jackson-module-parameter-names-2.12.6.jar:/Users/johangiraldohurtado/.m2/repository/org/springframework/boot/spring-boot-starter-tomcat/2.5.13/spring-boot-starter-tomcat-2.5.13.jar:/Users/johangiraldohurtado/.m2/repository/org/apache/tomcat/embed/tomcat-embed-core/9.0.62/tomcat-embed-core-9.0.62.jar:/Users/johangiraldohurtado/.m2/repository/org/apache/tomcat/embed/tomcat-embed-el/9.0.62/tomcat-embed-el-9.0.62.jar:/Users/johangiraldohurtado/.m2/repository/org/apache/tomcat/embed/tomcat-embed-websocket/9.0.62/tomcat-embed-websocket-9.0.62.jar:/Users/johangiraldohurtado/.m2/repository/org/springframework/spring-web/5.3.19/spring-web-5.3.19.jar:/Users/johangiraldohurtado/.m2/repository/org/springframework/spring-beans/5.3.19/spring-beans-5.3.19.jar:/Users/johangiraldohurtado/.m2/repository/org/springframework/spring-webmvc/5.3.19/spring-webmvc-5.3.19.jar:/Users/johangiraldohurtado/.m2/repository/org/springframework/spring-aop/5.3.19/spring-aop-5.3.19.jar:/Users/johangiraldohurtado/.m2/repository/org/springframework/spring-context/5.3.19/spring-context-5.3.19.jar:/Users/johangiraldohurtado/.m2/repository/org/springframework/spring-expression/5.3.19/spring-expression-5.3.19.jar:/Users/johangiraldohurtado/.m2/repository/org/springframework/boot/spring-boot-starter-test/2.5.13/spring-boot-starter-test-2.5.13.jar:/Users/johangiraldohurtado/.m2/repository/org/springframework/boot/spring-boot-test/2.5.13/spring-boot-test-2.5.13.jar:/Users/johangiraldohurtado/.m2/repository/org/springframework/boot/spring-boot-test-autoconfigure/2.5.13/spring-boot-test-autoconfigure-2.5.13.jar:/Users/johangiraldohurtado/.m2/repository/com/jayway/jsonpath/json-path/2.5.0/json-path-2.5.0.jar:/Users/johangiraldohurtado/.m2/repository/net/minidev/json-smart/2.4.8/json-smart-2.4.8.jar:/Users/johangiraldohurtado/.m2/repository/net/minidev/accessors-smart/2.4.8/accessors-smart-2.4.8.jar:/Users/johangiraldohurtado/.m2/repository/org/ow2/asm/asm/9.1/asm-9.1.jar:/Users/johangiraldohurtado/.m2/repository/org/slf4j/slf4j-api/1.7.36/slf4j-api-1.7.36.jar:/Users/johangiraldohurtado/.m2/repository/jakarta/xml/bind/jakarta.xml.bind-api/2.3.3/jakarta.xml.bind-api-2.3.3.jar:/Users/johangiraldohurtado/.m2/repository/jakarta/activation/jakarta.activation-api/1.2.2/jakarta.activation-api-1.2.2.jar:/Users/johangiraldohurtado/.m2/repository/org/assertj/assertj-core/3.19.0/assertj-core-3.19.0.jar:/Users/johangiraldohurtado/.m2/repository/org/hamcrest/hamcrest/2.2/hamcrest-2.2.jar:/Users/johangiraldohurtado/.m2/repository/org/junit/jupiter/junit-jupiter/5.7.2/junit-jupiter-5.7.2.jar:/Users/johangiraldohurtado/.m2/repository/org/junit/jupiter/junit-jupiter-api/5.7.2/junit-jupiter-api-5.7.2.jar:/Users/johangiraldohurtado/.m2/repository/org/apiguardian/apiguardian-api/1.1.0/apiguardian-api-1.1.0.jar:/Users/johangiraldohurtado/.m2/repository/org/opentest4j/opentest4j/1.2.0/opentest4j-1.2.0.jar:/Users/johangiraldohurtado/.m2/repository/org/junit/platform/junit-platform-commons/1.7.2/junit-platform-commons-1.7.2.jar:/Users/johangiraldohurtado/.m2/repository/org/junit/jupiter/junit-jupiter-params/5.7.2/junit-jupiter-params-5.7.2.jar:/Users/johangiraldohurtado/.m2/repository/org/junit/jupiter/junit-jupiter-engine/5.7.2/junit-jupiter-engine-5.7.2.jar:/Users/johangiraldohurtado/.m2/repository/org/junit/platform/junit-platform-engine/1.7.2/junit-platform-engine-1.7.2.jar:/Users/johangiraldohurtado/.m2/repository/org/mockito/mockito-core/3.9.0/mockito-core-3.9.0.jar:/Users/johangiraldohurtado/.m2/repository/net/bytebuddy/byte-buddy/1.10.22/byte-buddy-1.10.22.jar:/Users/johangiraldohurtado/.m2/repository/net/bytebuddy/byte-buddy-agent/1.10.22/byte-buddy-agent-1.10.22.jar:/Users/johangiraldohurtado/.m2/repository/org/objenesis/objenesis/3.2/objenesis-3.2.jar:/Users/johangiraldohurtado/.m2/repository/org/mockito/mockito-junit-jupiter/3.9.0/mockito-junit-jupiter-3.9.0.jar:/Users/johangiraldohurtado/.m2/repository/org/skyscreamer/jsonassert/1.5.0/jsonassert-1.5.0.jar:/Users/johangiraldohurtado/.m2/repository/com/vaadin/external/google/android-json/0.0.20131108.vaadin1/android-json-0.0.20131108.vaadin1.jar:/Users/johangiraldohurtado/.m2/repository/org/springframework/spring-core/5.3.19/spring-core-5.3.19.jar:/Users/johangiraldohurtado/.m2/repository/org/springframework/spring-jcl/5.3.19/spring-jcl-5.3.19.jar:/Users/johangiraldohurtado/.m2/repository/org/springframework/spring-test/5.3.19/spring-test-5.3.19.jar:/Users/johangiraldohurtado/.m2/repository/org/xmlunit/xmlunit-core/2.8.4/xmlunit-core-2.8.4.jar:"/>
    <property name="sun.cpu.endian" value="little"/>
    <property name="user.home" value="/Users/johangiraldohurtado"/>
    <property name="user.language" value="es"/>
    <property name="java.specification.vendor" value="Oracle Corporation"/>
    <property name="java.version.date" value="2022-04-19"/>
    <property name="java.home" value="/Library/Java/JavaVirtualMachines/jdk-18.0.1.jdk/Contents/Home"/>
    <property name="file.separator" value="/"/>
    <property name="basedir" value="/Users/johangiraldohurtado/Desktop/spring-docker-demo"/>
    <property name="java.vm.compressedOopsMode" value="Zero based"/>
    <property name="line.separator" value="&#10;"/>
    <property name="java.specification.name" value="Java Platform API Specification"/>
    <property name="java.vm.specification.vendor" value="Oracle Corporation"/>
    <property name="apple.awt.application.name" value="ForkedBooter"/>
    <property name="surefire.real.class.path" value="/Users/johangiraldohurtado/Desktop/spring-docker-demo/target/surefire/surefirebooter10809729809035145501.jar"/>
    <property name="sun.management.compiler" value="HotSpot 64-Bit Tiered Compilers"/>
    <property name="ftp.nonProxyHosts" value="local|*.local|169.254/16|*.169.254/16"/>
    <property name="java.runtime.version" value="18.0.1+10-24"/>
    <property name="user.name" value="johangiraldohurtado"/>
    <property name="path.separator" value=":"/>
    <property name="os.version" value="12.3.1"/>
    <property name="java.runtime.name" value="Java(TM) SE Runtime Environment"/>
    <property name="file.encoding" value="UTF-8"/>
    <property name="java.vm.name" value="Java HotSpot(TM) 64-Bit Server VM"/>
    <property name="localRepository" value="/Users/johangiraldohurtado/.m2/repository"/>
    <property name="java.vendor.url.bug" value="https://bugreport.java.com/bugreport/"/>
    <property name="java.io.tmpdir" value="/var/folders/v8/_xxvvzc566n91lr66jfjgpnr0000gn/T/"/>
    <property name="java.version" value="18.0.1"/>
    <property name="user.dir" value="/Users/johangiraldohurtado/Desktop/spring-docker-demo"/>
    <property name="os.arch" value="x86_64"/>
    <property name="java.vm.specification.name" value="Java Virtual Machine Specification"/>
    <property name="native.encoding" value="UTF-8"/>
    <property name="java.library.path" value="/Users/johangiraldohurtado/Library/Java/Extensions:/Library/Java/Extensions:/Network/Library/Java/Extensions:/System/Library/Java/Extensions:/usr/lib/java:."/>
    <property name="java.vm.info" value="mixed mode, sharing"/>
    <property name="java.vendor" value="Oracle Corporation"/>
    <property name="java.vm.version" value="18.0.1+10-24"/>
    <property name="sun.io.unicode.encoding" value="UnicodeBig"/>
    <property name="socksNonProxyHosts" value="local|*.local|169.254/16|*.169.254/16"/>
    <property name="java.class.version" value="62.0"/>
  </properties>
  <testcase name="contextLoads" classname="com.example.springbootdocker.DemoSpringbootApplicationTests" time="0.309"/>
</testsuite>